<?xml version="1.0" encoding="UTF-8"?>
<!-- Generated by org.testng.reporters.JUnitReportReporter -->
<testsuite hostname="seebeal" failures="0" tests="5" name="almosaferProject.FinallTest" time="0.496" errors="0" timestamp="2024-08-14T21:50:38 EET" skipped="0">
  <testcase classname="almosaferProject.FinallTest" name="CheckQitagLogo" time="0.110"/>
  <system-out/>
  <testcase classname="almosaferProject.FinallTest" name="checkHotel" time="0.026"/>
  <system-out/>
  <testcase classname="almosaferProject.FinallTest" name="testAlmosaferDefaultLanguageisEN" time="0.030"/>
  <system-out/>
  <testcase classname="almosaferProject.FinallTest" name="CheckdefaultCurrencyisSAR" time="0.041"/>
  <system-out/>
  <testcase classname="almosaferProject.FinallTest" name="CheckContactNumber" time="0.289"/>
  <system-out/>
</testsuite> <!-- almosaferProject.FinallTest -->
