<?xml version="1.0" encoding="UTF-8"?>
<!-- Generated by org.testng.reporters.JUnitReportReporter -->
<testsuite hostname="seebeal" failures="0" tests="1" name="almosaferProject.FinallTest" time="0.059" errors="0" timestamp="2024-08-14T21:09:27 EET" skipped="0">
  <testcase classname="almosaferProject.FinallTest" name="testAlmosaferAssertions" time="0.059"/>
  <system-out/>
</testsuite> <!-- almosaferProject.FinallTest -->
