<?xml version="1.0" encoding="UTF-8"?>
<!-- Generated by org.testng.reporters.JUnitReportReporter -->
<testsuite hostname="seebeal" failures="0" tests="8" name="almosaferProject.FinallTest" time="16.528" errors="0" timestamp="2024-08-19T19:24:17 EET" skipped="0">
  <testcase classname="almosaferProject.FinallTest" name="testAlmosaferDefaultLanguageisEN" time="0.090"/>
  <system-out/>
  <testcase classname="almosaferProject.FinallTest" name="CheckdefaultCurrencyisSAR" time="0.071"/>
  <system-out/>
  <testcase classname="almosaferProject.FinallTest" name="CheckContactNumber" time="0.044"/>
  <system-out/>
  <testcase classname="almosaferProject.FinallTest" name="CheckQitagLogo" time="0.098"/>
  <system-out/>
  <testcase classname="almosaferProject.FinallTest" name="checkHotel" time="0.149"/>
  <system-out/>
  <testcase classname="almosaferProject.FinallTest" name="test" time="4.112"/>
  <system-out/>
  <testcase classname="almosaferProject.FinallTest" name="HotelSearchBox" time="0.076"/>
  <system-out/>
  <testcase classname="almosaferProject.FinallTest" name="searchButton" time="11.888"/>
  <system-out/>
</testsuite> <!-- almosaferProject.FinallTest -->
